{"C:\\Users\\Daniel\\OneDrive\\Career-Foundry\\NewProject\\meet\\src\\App.jsx": {"path":"C:\\Users\\Daniel\\OneDrive\\Career-Foundry\\NewProject\\meet\\src\\App.jsx","statementMap":{"0":{"start":{"line":13,"column":12},"end":{"line":43,"column":1}},"1":{"start":{"line":14,"column":30},"end":{"line":14,"column":42}},"2":{"start":{"line":15,"column":38},"end":{"line":15,"column":50}},"3":{"start":{"line":16,"column":42},"end":{"line":16,"column":54}},"4":{"start":{"line":17,"column":40},"end":{"line":17,"column":66}},"5":{"start":{"line":19,"column":20},"end":{"line":26,"column":3}},"6":{"start":{"line":20,"column":22},"end":{"line":20,"column":39}},"7":{"start":{"line":21,"column":27},"end":{"line":23,"column":63}},"8":{"start":{"line":23,"column":32},"end":{"line":23,"column":62}},"9":{"start":{"line":24,"column":4},"end":{"line":24,"column":51}},"10":{"start":{"line":25,"column":4},"end":{"line":25,"column":49}},"11":{"start":{"line":28,"column":2},"end":{"line":30,"column":20}},"12":{"start":{"line":29,"column":4},"end":{"line":29,"column":16}},"13":{"start":{"line":31,"column":2},"end":{"line":42,"column":3}}},"fnMap":{"0":{"name":"(anonymous_0)","decl":{"start":{"line":13,"column":12},"end":{"line":13,"column":13}},"loc":{"start":{"line":13,"column":18},"end":{"line":43,"column":1}},"line":13},"1":{"name":"(anonymous_1)","decl":{"start":{"line":19,"column":20},"end":{"line":19,"column":21}},"loc":{"start":{"line":19,"column":32},"end":{"line":26,"column":3}},"line":19},"2":{"name":"(anonymous_2)","decl":{"start":{"line":23,"column":23},"end":{"line":23,"column":24}},"loc":{"start":{"line":23,"column":32},"end":{"line":23,"column":62}},"line":23},"3":{"name":"(anonymous_3)","decl":{"start":{"line":28,"column":12},"end":{"line":28,"column":13}},"loc":{"start":{"line":28,"column":18},"end":{"line":30,"column":3}},"line":28}},"branchMap":{"0":{"loc":{"start":{"line":21,"column":27},"end":{"line":23,"column":63}},"type":"cond-expr","locations":[{"start":{"line":22,"column":6},"end":{"line":22,"column":15}},{"start":{"line":23,"column":6},"end":{"line":23,"column":63}}],"line":21}},"s":{"0":3,"1":12,"2":11,"3":11,"4":11,"5":11,"6":7,"7":7,"8":33,"9":7,"10":7,"11":11,"12":7,"13":11},"f":{"0":12,"1":7,"2":33,"3":7},"b":{"0":[6,1]},"_coverageSchema":"1a1c01bbd47fc00a2c39e90264f33305004495a9","hash":"eaa91343f22524a48fbe8a4ab57c08ee2700fbcb"}
,"C:\\Users\\Daniel\\OneDrive\\Career-Foundry\\NewProject\\meet\\src\\api.js": {"path":"C:\\Users\\Daniel\\OneDrive\\Career-Foundry\\NewProject\\meet\\src\\api.js","statementMap":{"0":{"start":{"line":12,"column":32},"end":{"line":16,"column":1}},"1":{"start":{"line":13,"column":29},"end":{"line":13,"column":66}},"2":{"start":{"line":13,"column":51},"end":{"line":13,"column":65}},"3":{"start":{"line":14,"column":20},"end":{"line":14,"column":52}},"4":{"start":{"line":15,"column":2},"end":{"line":15,"column":19}},"5":{"start":{"line":23,"column":25},"end":{"line":25,"column":1}},"6":{"start":{"line":24,"column":2},"end":{"line":24,"column":18}}},"fnMap":{"0":{"name":"(anonymous_0)","decl":{"start":{"line":12,"column":32},"end":{"line":12,"column":33}},"loc":{"start":{"line":12,"column":44},"end":{"line":16,"column":1}},"line":12},"1":{"name":"(anonymous_1)","decl":{"start":{"line":13,"column":40},"end":{"line":13,"column":41}},"loc":{"start":{"line":13,"column":51},"end":{"line":13,"column":65}},"line":13},"2":{"name":"(anonymous_2)","decl":{"start":{"line":23,"column":25},"end":{"line":23,"column":26}},"loc":{"start":{"line":23,"column":37},"end":{"line":25,"column":1}},"line":23}},"branchMap":{},"s":{"0":5,"1":10,"2":330,"3":10,"4":10,"5":5,"6":15},"f":{"0":10,"1":330,"2":15},"b":{},"_coverageSchema":"1a1c01bbd47fc00a2c39e90264f33305004495a9","hash":"25c2f163968d9de6bf7b3600785572f839260c97"}
,"C:\\Users\\Daniel\\OneDrive\\Career-Foundry\\NewProject\\meet\\src\\mock-data.js": {"path":"C:\\Users\\Daniel\\OneDrive\\Career-Foundry\\NewProject\\meet\\src\\mock-data.js","statementMap":{"0":{"start":{"line":1,"column":17},"end":{"line":1289,"column":1}}},"fnMap":{},"branchMap":{},"s":{"0":5},"f":{},"b":{},"_coverageSchema":"1a1c01bbd47fc00a2c39e90264f33305004495a9","hash":"508cc41fdc65f81bcbc6d9488a3f4f7d4c4aafbf"}
,"C:\\Users\\Daniel\\OneDrive\\Career-Foundry\\NewProject\\meet\\src\\components\\CitySearch.jsx": {"path":"C:\\Users\\Daniel\\OneDrive\\Career-Foundry\\NewProject\\meet\\src\\components\\CitySearch.jsx","statementMap":{"0":{"start":{"line":4,"column":19},"end":{"line":56,"column":1}},"1":{"start":{"line":5,"column":48},"end":{"line":5,"column":63}},"2":{"start":{"line":6,"column":28},"end":{"line":6,"column":40}},"3":{"start":{"line":7,"column":40},"end":{"line":7,"column":52}},"4":{"start":{"line":9,"column":29},"end":{"line":17,"column":3}},"5":{"start":{"line":10,"column":18},"end":{"line":10,"column":36}},"6":{"start":{"line":11,"column":30},"end":{"line":13,"column":11}},"7":{"start":{"line":12,"column":6},"end":{"line":12,"column":70}},"8":{"start":{"line":15,"column":4},"end":{"line":15,"column":20}},"9":{"start":{"line":16,"column":4},"end":{"line":16,"column":38}},"10":{"start":{"line":19,"column":28},"end":{"line":24,"column":3}},"11":{"start":{"line":20,"column":18},"end":{"line":20,"column":42}},"12":{"start":{"line":21,"column":4},"end":{"line":21,"column":20}},"13":{"start":{"line":22,"column":4},"end":{"line":22,"column":30}},"14":{"start":{"line":23,"column":4},"end":{"line":23,"column":26}},"15":{"start":{"line":27,"column":2},"end":{"line":29,"column":26}},"16":{"start":{"line":28,"column":4},"end":{"line":28,"column":33}},"17":{"start":{"line":31,"column":2},"end":{"line":54,"column":3}},"18":{"start":{"line":38,"column":23},"end":{"line":38,"column":47}},"19":{"start":{"line":43,"column":10},"end":{"line":46,"column":28}}},"fnMap":{"0":{"name":"(anonymous_0)","decl":{"start":{"line":4,"column":19},"end":{"line":4,"column":20}},"loc":{"start":{"line":4,"column":57},"end":{"line":56,"column":1}},"line":4},"1":{"name":"(anonymous_1)","decl":{"start":{"line":9,"column":29},"end":{"line":9,"column":30}},"loc":{"start":{"line":9,"column":40},"end":{"line":17,"column":3}},"line":9},"2":{"name":"(anonymous_2)","decl":{"start":{"line":11,"column":65},"end":{"line":11,"column":66}},"loc":{"start":{"line":11,"column":79},"end":{"line":13,"column":5}},"line":11},"3":{"name":"(anonymous_3)","decl":{"start":{"line":19,"column":28},"end":{"line":19,"column":29}},"loc":{"start":{"line":19,"column":39},"end":{"line":24,"column":3}},"line":19},"4":{"name":"(anonymous_4)","decl":{"start":{"line":27,"column":12},"end":{"line":27,"column":13}},"loc":{"start":{"line":27,"column":18},"end":{"line":29,"column":3}},"line":27},"5":{"name":"(anonymous_5)","decl":{"start":{"line":38,"column":17},"end":{"line":38,"column":18}},"loc":{"start":{"line":38,"column":23},"end":{"line":38,"column":47}},"line":38},"6":{"name":"(anonymous_6)","decl":{"start":{"line":42,"column":25},"end":{"line":42,"column":26}},"loc":{"start":{"line":42,"column":41},"end":{"line":47,"column":9}},"line":42}},"branchMap":{"0":{"loc":{"start":{"line":11,"column":30},"end":{"line":13,"column":11}},"type":"cond-expr","locations":[{"start":{"line":11,"column":45},"end":{"line":13,"column":6}},{"start":{"line":13,"column":9},"end":{"line":13,"column":11}}],"line":11},"1":{"loc":{"start":{"line":41,"column":7},"end":{"line":52,"column":14}},"type":"cond-expr","locations":[{"start":{"line":41,"column":25},"end":{"line":51,"column":11}},{"start":{"line":52,"column":10},"end":{"line":52,"column":14}}],"line":41}},"s":{"0":3,"1":58,"2":58,"3":58,"4":58,"5":18,"6":18,"7":36,"8":18,"9":18,"10":58,"11":2,"12":2,"13":2,"14":2,"15":58,"16":16,"17":58,"18":5,"19":26},"f":{"0":58,"1":18,"2":36,"3":2,"4":16,"5":5,"6":26},"b":{"0":[18,0],"1":[24,34]},"_coverageSchema":"1a1c01bbd47fc00a2c39e90264f33305004495a9","hash":"cf3c6632f3baa744be28ee6062bb50e84ef75fd6"}
,"C:\\Users\\Daniel\\OneDrive\\Career-Foundry\\NewProject\\meet\\src\\components\\Event.jsx": {"path":"C:\\Users\\Daniel\\OneDrive\\Career-Foundry\\NewProject\\meet\\src\\components\\Event.jsx","statementMap":{"0":{"start":{"line":3,"column":14},"end":{"line":31,"column":1}},"1":{"start":{"line":5,"column":40},"end":{"line":5,"column":55}},"2":{"start":{"line":6,"column":23},"end":{"line":6,"column":37}},"3":{"start":{"line":7,"column":20},"end":{"line":7,"column":34}},"4":{"start":{"line":8,"column":24},"end":{"line":8,"column":39}},"5":{"start":{"line":9,"column":27},"end":{"line":9,"column":45}},"6":{"start":{"line":10,"column":29},"end":{"line":13,"column":3}},"7":{"start":{"line":11,"column":4},"end":{"line":11,"column":36}},"8":{"start":{"line":11,"column":29},"end":{"line":11,"column":34}},"9":{"start":{"line":14,"column":2},"end":{"line":30,"column":3}}},"fnMap":{"0":{"name":"(anonymous_0)","decl":{"start":{"line":3,"column":14},"end":{"line":3,"column":15}},"loc":{"start":{"line":3,"column":27},"end":{"line":31,"column":1}},"line":3},"1":{"name":"(anonymous_1)","decl":{"start":{"line":10,"column":29},"end":{"line":10,"column":30}},"loc":{"start":{"line":10,"column":35},"end":{"line":13,"column":3}},"line":10},"2":{"name":"(anonymous_2)","decl":{"start":{"line":11,"column":19},"end":{"line":11,"column":20}},"loc":{"start":{"line":11,"column":29},"end":{"line":11,"column":34}},"line":11}},"branchMap":{"0":{"loc":{"start":{"line":20,"column":9},"end":{"line":20,"column":54}},"type":"cond-expr","locations":[{"start":{"line":20,"column":23},"end":{"line":20,"column":37}},{"start":{"line":20,"column":40},"end":{"line":20,"column":54}}],"line":20},"1":{"loc":{"start":{"line":22,"column":7},"end":{"line":28,"column":7}},"type":"binary-expr","locations":[{"start":{"line":22,"column":7},"end":{"line":22,"column":18}},{"start":{"line":23,"column":8},"end":{"line":27,"column":14}}],"line":22}},"s":{"0":4,"1":187,"2":187,"3":187,"4":187,"5":187,"6":187,"7":3,"8":3,"9":187},"f":{"0":187,"1":3,"2":3},"b":{"0":[2,185],"1":[187,2]},"_coverageSchema":"1a1c01bbd47fc00a2c39e90264f33305004495a9","hash":"7496c593426c231bb74933ff00494931fd538262"}
,"C:\\Users\\Daniel\\OneDrive\\Career-Foundry\\NewProject\\meet\\src\\components\\EventList.jsx": {"path":"C:\\Users\\Daniel\\OneDrive\\Career-Foundry\\NewProject\\meet\\src\\components\\EventList.jsx","statementMap":{"0":{"start":{"line":6,"column":18},"end":{"line":16,"column":1}},"1":{"start":{"line":7,"column":2},"end":{"line":15,"column":4}},"2":{"start":{"line":10,"column":6},"end":{"line":13,"column":8}}},"fnMap":{"0":{"name":"(anonymous_0)","decl":{"start":{"line":6,"column":18},"end":{"line":6,"column":19}},"loc":{"start":{"line":6,"column":32},"end":{"line":16,"column":1}},"line":6},"1":{"name":"(anonymous_1)","decl":{"start":{"line":9,"column":26},"end":{"line":9,"column":27}},"loc":{"start":{"line":10,"column":6},"end":{"line":13,"column":8}},"line":10}},"branchMap":{"0":{"loc":{"start":{"line":9,"column":7},"end":{"line":13,"column":15}},"type":"cond-expr","locations":[{"start":{"line":9,"column":15},"end":{"line":13,"column":9}},{"start":{"line":13,"column":11},"end":{"line":13,"column":15}}],"line":9}},"s":{"0":3,"1":14,"2":177},"f":{"0":14,"1":177},"b":{"0":[12,2]},"_coverageSchema":"1a1c01bbd47fc00a2c39e90264f33305004495a9","hash":"2e3686e7efc920d8a4af17a26b4be96ce8431ee7"}
,"C:\\Users\\Daniel\\OneDrive\\Career-Foundry\\NewProject\\meet\\src\\components\\NumberOfEvents.jsx": {"path":"C:\\Users\\Daniel\\OneDrive\\Career-Foundry\\NewProject\\meet\\src\\components\\NumberOfEvents.jsx","statementMap":{"0":{"start":{"line":3,"column":23},"end":{"line":24,"column":1}},"1":{"start":{"line":4,"column":40},"end":{"line":4,"column":52}},"2":{"start":{"line":6,"column":28},"end":{"line":10,"column":3}},"3":{"start":{"line":7,"column":18},"end":{"line":7,"column":44}},"4":{"start":{"line":8,"column":4},"end":{"line":8,"column":26}},"5":{"start":{"line":9,"column":4},"end":{"line":9,"column":25}},"6":{"start":{"line":12,"column":2},"end":{"line":23,"column":4}}},"fnMap":{"0":{"name":"(anonymous_0)","decl":{"start":{"line":3,"column":23},"end":{"line":3,"column":24}},"loc":{"start":{"line":3,"column":46},"end":{"line":24,"column":1}},"line":3},"1":{"name":"(anonymous_1)","decl":{"start":{"line":6,"column":28},"end":{"line":6,"column":29}},"loc":{"start":{"line":6,"column":39},"end":{"line":10,"column":3}},"line":6}},"branchMap":{},"s":{"0":4,"1":18,"2":18,"3":4,"4":4,"5":4,"6":18},"f":{"0":18,"1":4},"b":{},"_coverageSchema":"1a1c01bbd47fc00a2c39e90264f33305004495a9","hash":"53cd7f07514127b6aa02ab6c1e48c6acc42e9837"}
}
