TN:
SF:src\App.jsx
FN:8,(anonymous_0)
FNF:1
FNH:1
FNDA:3,(anonymous_0)
DA:8,1
DA:9,3
DA:10,3
LF:3
LH:3
BRF:0
BRH:0
end_of_record
TN:
SF:src\api.js
FN:12,(anonymous_0)
FN:13,(anonymous_1)
FN:23,(anonymous_2)
FNF:3
FNH:3
FNDA:2,(anonymous_0)
FNDA:66,(anonymous_1)
FNDA:6,(anonymous_2)
DA:12,4
DA:13,66
DA:14,2
DA:15,2
DA:23,4
DA:24,6
LF:6
LH:6
BRF:0
BRH:0
end_of_record
TN:
SF:src\mock-data.js
FNF:0
FNH:0
DA:1,4
LF:1
LH:1
BRF:0
BRH:0
end_of_record
TN:
SF:src\components\CitySearch.jsx
FN:4,(anonymous_0)
FN:9,(anonymous_1)
FN:11,(anonymous_2)
FN:19,(anonymous_3)
FN:32,(anonymous_4)
FN:36,(anonymous_5)
FNF:6
FNH:6
FNDA:26,(anonymous_0)
FNDA:12,(anonymous_1)
FNDA:24,(anonymous_2)
FNDA:1,(anonymous_3)
FNDA:3,(anonymous_4)
FNDA:12,(anonymous_5)
DA:4,2
DA:5,26
DA:6,26
DA:7,26
DA:9,26
DA:10,12
DA:11,12
DA:12,24
DA:15,12
DA:16,12
DA:19,26
DA:20,1
DA:21,1
DA:22,1
DA:25,26
DA:32,3
DA:37,12
LF:17
LH:17
BRDA:11,0,0,12
BRDA:11,0,1,0
BRDA:35,1,0,15
BRDA:35,1,1,11
BRF:4
BRH:3
end_of_record
TN:
SF:src\components\Event.jsx
FN:3,(anonymous_0)
FN:10,(anonymous_1)
FN:11,(anonymous_2)
FNF:3
FNH:3
FNDA:43,(anonymous_0)
FNDA:3,(anonymous_1)
FNDA:3,(anonymous_2)
DA:3,3
DA:5,43
DA:6,43
DA:7,43
DA:8,43
DA:9,43
DA:10,43
DA:11,3
DA:14,43
LF:9
LH:9
BRDA:20,0,0,2
BRDA:20,0,1,41
BRDA:22,1,0,43
BRDA:22,1,1,2
BRF:4
BRH:4
end_of_record
TN:
SF:src\components\EventList.jsx
FN:6,(anonymous_0)
FN:9,(anonymous_1)
FNF:2
FNH:2
FNDA:6,(anonymous_0)
FNDA:33,(anonymous_1)
DA:6,2
DA:7,6
DA:10,33
LF:3
LH:3
BRDA:9,0,0,1
BRDA:9,0,1,5
BRF:2
BRH:2
end_of_record
TN:
SF:src\components\NumberOfEvents.jsx
FN:3,(anonymous_0)
FN:6,(anonymous_1)
FNF:2
FNH:2
FNDA:10,(anonymous_0)
FNDA:4,(anonymous_1)
DA:3,2
DA:4,10
DA:6,10
DA:7,4
DA:8,4
DA:9,4
DA:12,10
LF:7
LH:7
BRF:0
BRH:0
end_of_record
